生成启动时间为 2016/4/19 20:05:03。
     1>项目“C:\Users\han.zh\Desktop\zhNet-228\ZH\zhTcpServer_select\demo\serv.vcxproj”在节点 2 上(Build 个目标)。
     1>ClCompile:
         D:\Microsoft Visual Studio 11.0\VC\bin\CL.exe /c /I../../zhNet_Core /ZI /nologo /W3 /WX- /Od /Oy- /D WIN32 /D _DEBUG /D _CONSOLE /D _USING_V110_SDK71_ /D _MBCS /Gm /EHsc /RTC1 /MDd /GS /fp:precise /Zc:wchar_t /Zc:forScope /Fo"Debug\\" /Fd"Debug\vc110.pdb" /Gd /TC /analyze- /errorReport:prompt main.c
         main.c
     1>c:\users\han.zh\desktop\zhnet-228\zh\zhtcpserver_select\demo\main.c(38): warning C4028: 形参 3 与声明不同
     1>c:\users\han.zh\desktop\zhnet-228\zh\zhtcpserver_select\demo\main.c(51): warning C4028: 形参 3 与声明不同
       Link:
         D:\Microsoft Visual Studio 11.0\VC\bin\link.exe /ERRORREPORT:PROMPT /OUT:"Debug\tcp_serv.exe" /NOLOGO kernel32.lib user32.lib gdi32.lib winspool.lib comdlg32.lib advapi32.lib shell32.lib ole32.lib oleaut32.lib uuid.lib odbc32.lib odbccp32.lib /MANIFEST /MANIFESTUAC:"level='asInvoker' uiAccess='false'" /manifest:embed /DEBUG /PDB:"Debug\tcp_serv.pdb" /ASSEMBLYDEBUG /SUBSYSTEM:CONSOLE,"5.01" /TLBID:1 /DYNAMICBASE:NO /IMPLIB:"Debug\tcp_serv.lib" /MACHINE:X86 /SAFESEH Debug\encrypt.obj
         Debug\netlist.obj
         Debug\packet.obj
         Debug\platform.obj
         Debug\session.obj
         Debug\socket.obj
         Debug\tcp_serv_select.obj
         Debug\userlist.obj
         Debug\main.obj
         serv.vcxproj -> C:\Users\han.zh\Desktop\zhNet-228\ZH\zhTcpServer_select\demo\Debug\tcp_serv.exe
     1>已完成生成项目“C:\Users\han.zh\Desktop\zhNet-228\ZH\zhTcpServer_select\demo\serv.vcxproj”(Build 个目标)的操作。

生成成功。

已用时间 00:00:00.39
