C:\USERS\HAN.ZH\DESKTOP\ZHNET-228\ZH\ZHTCPSERVER_SELECT\DEMO\DEBUG\ENCRYPT.OBJ
C:\USERS\HAN.ZH\DESKTOP\ZHNET-228\ZH\ZHTCPSERVER_SELECT\DEMO\DEBUG\NETLIST.OBJ
C:\USERS\HAN.ZH\DESKTOP\ZHNET-228\ZH\ZHTCPSERVER_SELECT\DEMO\DEBUG\PACKET.OBJ
C:\USERS\HAN.ZH\DESKTOP\ZHNET-228\ZH\ZHTCPSERVER_SELECT\DEMO\DEBUG\PLATFORM.OBJ
C:\USERS\HAN.ZH\DESKTOP\ZHNET-228\ZH\ZHTCPSERVER_SELECT\DEMO\DEBUG\SESSION.OBJ
C:\USERS\HAN.ZH\DESKTOP\ZHNET-228\ZH\ZHTCPSERVER_SELECT\DEMO\DEBUG\SOCKET.OBJ
C:\USERS\HAN.ZH\DESKTOP\ZHNET-228\ZH\ZHTCPSERVER_SELECT\DEMO\DEBUG\TCP_SERV_SELECT.OBJ
C:\USERS\HAN.ZH\DESKTOP\ZHNET-228\ZH\ZHTCPSERVER_SELECT\DEMO\DEBUG\USERLIST.OBJ
C:\USERS\HAN.ZH\DESKTOP\ZHNET-228\ZH\ZHTCPSERVER_SELECT\DEMO\DEBUG\MAIN.OBJ
C:\USERS\HAN.ZH\DESKTOP\ZHNET-228\ZH\ZHTCPSERVER_SELECT\DEMO\DEBUG\VC110.PDB
C:\USERS\HAN.ZH\DESKTOP\ZHNET-228\ZH\ZHTCPSERVER_SELECT\DEMO\DEBUG\TCP_SERV.ILK
C:\USERS\HAN.ZH\DESKTOP\ZHNET-228\ZH\ZHTCPSERVER_SELECT\DEMO\DEBUG\TCP_SERV.EXE
C:\USERS\HAN.ZH\DESKTOP\ZHNET-228\ZH\ZHTCPSERVER_SELECT\DEMO\DEBUG\TCP_SERV.PDB
C:\Users\han.zh\Desktop\zhNet-228\ZH\zhTcpServer_select\demo\Debug\encrypt.obj
C:\Users\han.zh\Desktop\zhNet-228\ZH\zhTcpServer_select\demo\Debug\main.obj
C:\Users\han.zh\Desktop\zhNet-228\ZH\zhTcpServer_select\demo\Debug\netlist.obj
C:\Users\han.zh\Desktop\zhNet-228\ZH\zhTcpServer_select\demo\Debug\packet.obj
C:\Users\han.zh\Desktop\zhNet-228\ZH\zhTcpServer_select\demo\Debug\platform.obj
C:\Users\han.zh\Desktop\zhNet-228\ZH\zhTcpServer_select\demo\Debug\session.obj
C:\Users\han.zh\Desktop\zhNet-228\ZH\zhTcpServer_select\demo\Debug\socket.obj
C:\Users\han.zh\Desktop\zhNet-228\ZH\zhTcpServer_select\demo\Debug\tcp_serv_select.obj
C:\Users\han.zh\Desktop\zhNet-228\ZH\zhTcpServer_select\demo\Debug\userlist.obj
C:\Users\han.zh\Desktop\zhNet-228\ZH\zhTcpServer_select\demo\Debug\tcp_serv.ilk
C:\Users\han.zh\Desktop\zhNet-228\ZH\zhTcpServer_select\demo\Debug\cl.command.1.tlog
C:\Users\han.zh\Desktop\zhNet-228\ZH\zhTcpServer_select\demo\Debug\CL.read.1.tlog
C:\Users\han.zh\Desktop\zhNet-228\ZH\zhTcpServer_select\demo\Debug\CL.write.1.tlog
C:\Users\han.zh\Desktop\zhNet-228\ZH\zhTcpServer_select\demo\Debug\link-cvtres.read.1.tlog
C:\Users\han.zh\Desktop\zhNet-228\ZH\zhTcpServer_select\demo\Debug\link-cvtres.write.1.tlog
C:\Users\han.zh\Desktop\zhNet-228\ZH\zhTcpServer_select\demo\Debug\link-rc.read.1.tlog
C:\Users\han.zh\Desktop\zhNet-228\ZH\zhTcpServer_select\demo\Debug\link-rc.write.1.tlog
C:\Users\han.zh\Desktop\zhNet-228\ZH\zhTcpServer_select\demo\Debug\link.command.1.tlog
C:\Users\han.zh\Desktop\zhNet-228\ZH\zhTcpServer_select\demo\Debug\link.read.1.tlog
C:\Users\han.zh\Desktop\zhNet-228\ZH\zhTcpServer_select\demo\Debug\link.write.1.tlog
C:\Users\han.zh\Desktop\zhNet-228\ZH\zhTcpServer_select\demo\Debug\vc110.idb
C:\Users\han.zh\Desktop\zhNet-228\ZH\zhTcpServer_select\demo\Debug\tcp_serv.pdb
C:\Users\han.zh\Desktop\zhNet-228\ZH\zhTcpServer_select\demo\Debug\vc110.pdb
C:\Users\han.zh\Desktop\zhNet-228\ZH\zhTcpServer_select\demo\Debug\tcp_serv.exe
